<?xml version="1.0" encoding="UTF-8"?>
<testsuite name="SumDivisibleTests" tests="3" skipped="0" failures="0" errors="0" timestamp="2021-11-09T23:53:55" hostname="DESKTOP-IVU08AF" time="0.004">
  <properties/>
  <testcase name="sumDivisibleZero()" classname="SumDivisibleTests" time="0.001"/>
  <testcase name="sumDivisibleEmptyRange()" classname="SumDivisibleTests" time="0.0"/>
  <testcase name="sumDivisibleCorrect()" classname="SumDivisibleTests" time="0.001"/>
  <system-out><![CDATA[]]></system-out>
  <system-err><![CDATA[]]></system-err>
</testsuite>
