<?xml version="1.0" encoding="UTF-8"?>
<testsuite name="IsPrimeTests" tests="6" skipped="0" failures="0" errors="0" timestamp="2021-11-09T23:53:55" hostname="DESKTOP-IVU08AF" time="0.029">
  <properties/>
  <testcase name="isPrimeOne()" classname="IsPrimeTests" time="0.02"/>
  <testcase name="isPrimeTwo()" classname="IsPrimeTests" time="0.002"/>
  <testcase name="isPrimeIncorrect()" classname="IsPrimeTests" time="0.001"/>
  <testcase name="isPrimeCorrect2()" classname="IsPrimeTests" time="0.001"/>
  <testcase name="isPrimeZero()" classname="IsPrimeTests" time="0.001"/>
  <testcase name="isPrimeCorrect()" classname="IsPrimeTests" time="0.001"/>
  <system-out><![CDATA[]]></system-out>
  <system-err><![CDATA[]]></system-err>
</testsuite>
