<?xml version="1.0" encoding="UTF-8"?>
<testsuite name="IsPalindromeTests" tests="5" skipped="0" failures="0" errors="0" timestamp="2021-11-09T23:53:55" hostname="DESKTOP-IVU08AF" time="0.006">
  <properties/>
  <testcase name="isPalindromeEmpty()" classname="IsPalindromeTests" time="0.001"/>
  <testcase name="isPalindromeIncorrect()" classname="IsPalindromeTests" time="0.001"/>
  <testcase name="isPalindromeCorrect2()" classname="IsPalindromeTests" time="0.0"/>
  <testcase name="isPalindromeUpperCase()" classname="IsPalindromeTests" time="0.001"/>
  <testcase name="isPalindromeCorrect()" classname="IsPalindromeTests" time="0.001"/>
  <system-out><![CDATA[]]></system-out>
  <system-err><![CDATA[]]></system-err>
</testsuite>
