<?xml version="1.0" encoding="UTF-8"?>
<testsuite name="GetFactorialTests" tests="3" skipped="0" failures="0" errors="0" timestamp="2021-11-09T23:53:55" hostname="DESKTOP-IVU08AF" time="0.004">
  <properties/>
  <testcase name="getFactorialOne()" classname="GetFactorialTests" time="0.0"/>
  <testcase name="getFactorialCorrect2()" classname="GetFactorialTests" time="0.001"/>
  <testcase name="getFactorialCorrect()" classname="GetFactorialTests" time="0.001"/>
  <system-out><![CDATA[]]></system-out>
  <system-err><![CDATA[]]></system-err>
</testsuite>
